0 info it worked if it ends with ok
1 verbose cli [ 'C:\\node\\node.exe',
1 verbose cli   'C:\\node\\node_modules\\npm\\bin\\npm-cli.js',
1 verbose cli   'install',
1 verbose cli   '--save',
1 verbose cli   'sleep' ]
2 info using npm@2.15.5
3 info using node@v4.4.5
4 verbose install initial load of D:\OneDrive\jobs\node-default\package.json
5 verbose installManyTop reading scoped package data from D:\OneDrive\jobs\node-default\node_modules\body-parser\package.json
6 verbose installManyTop reading scoped package data from D:\OneDrive\jobs\node-default\node_modules\database-cleaner\package.json
7 verbose installManyTop reading scoped package data from D:\OneDrive\jobs\node-default\node_modules\ejs\package.json
8 verbose installManyTop reading scoped package data from D:\OneDrive\jobs\node-default\node_modules\express\package.json
9 verbose installManyTop reading scoped package data from D:\OneDrive\jobs\node-default\node_modules\express-load\package.json
10 verbose installManyTop reading scoped package data from D:\OneDrive\jobs\node-default\node_modules\express-validator\package.json
11 verbose installManyTop reading scoped package data from D:\OneDrive\jobs\node-default\node_modules\mocha\package.json
12 verbose installManyTop reading scoped package data from D:\OneDrive\jobs\node-default\node_modules\mysql\package.json
13 verbose installManyTop reading scoped package data from D:\OneDrive\jobs\node-default\node_modules\socket.io\package.json
14 info package.json express-load@1.1.15 No license field.
15 info package.json database-cleaner@0.10.0 No license field.
16 info package.json socket.io@1.3.6 No license field.
17 verbose readDependencies loading dependencies from D:\OneDrive\jobs\node-default\package.json
18 silly cache add args [ 'sleep@3.0.0', null ]
19 verbose cache add spec sleep@3.0.0
20 silly cache add parsed spec Result {
20 silly cache add   raw: 'sleep@3.0.0',
20 silly cache add   scope: null,
20 silly cache add   name: 'sleep',
20 silly cache add   rawSpec: '3.0.0',
20 silly cache add   spec: '3.0.0',
20 silly cache add   type: 'version' }
21 silly addNamed sleep@3.0.0
22 verbose addNamed "3.0.0" is a plain semver version for sleep
23 silly mapToRegistry name sleep
24 silly mapToRegistry using default registry
25 silly mapToRegistry registry https://registry.npmjs.org/
26 silly mapToRegistry data Result {
26 silly mapToRegistry   raw: 'sleep',
26 silly mapToRegistry   scope: null,
26 silly mapToRegistry   name: 'sleep',
26 silly mapToRegistry   rawSpec: '',
26 silly mapToRegistry   spec: 'latest',
26 silly mapToRegistry   type: 'tag' }
27 silly mapToRegistry uri https://registry.npmjs.org/sleep
28 verbose addNameVersion registry:https://registry.npmjs.org/sleep not in flight; fetching
29 verbose request uri https://registry.npmjs.org/sleep
30 verbose request no auth needed
31 info attempt registry request try #1 at 11:35:27
32 verbose request id e6eed844d7b6da9a
33 verbose etag "8IEFEDYWYB38NP701Z30947N8"
34 http request GET https://registry.npmjs.org/sleep
35 http 304 https://registry.npmjs.org/sleep
36 verbose headers { date: 'Tue, 28 Jun 2016 14:35:22 GMT',
36 verbose headers   via: '1.1 varnish',
36 verbose headers   'cache-control': 'max-age=300',
36 verbose headers   etag: '"8IEFEDYWYB38NP701Z30947N8"',
36 verbose headers   age: '203',
36 verbose headers   connection: 'keep-alive',
36 verbose headers   'x-served-by': 'cache-atl6240-ATL',
36 verbose headers   'x-cache': 'HIT',
36 verbose headers   'x-cache-hits': '1',
36 verbose headers   'x-timer': 'S1467124522.259071,VS0,VE0',
36 verbose headers   vary: 'Accept-Encoding' }
37 silly get cb [ 304,
37 silly get   { date: 'Tue, 28 Jun 2016 14:35:22 GMT',
37 silly get     via: '1.1 varnish',
37 silly get     'cache-control': 'max-age=300',
37 silly get     etag: '"8IEFEDYWYB38NP701Z30947N8"',
37 silly get     age: '203',
37 silly get     connection: 'keep-alive',
37 silly get     'x-served-by': 'cache-atl6240-ATL',
37 silly get     'x-cache': 'HIT',
37 silly get     'x-cache-hits': '1',
37 silly get     'x-timer': 'S1467124522.259071,VS0,VE0',
37 silly get     vary: 'Accept-Encoding' } ]
38 verbose etag https://registry.npmjs.org/sleep from cache
39 verbose get saving sleep to C:\Users\BrunoBarbosa\AppData\Roaming\npm-cache\registry.npmjs.org\sleep\.cache.json
40 verbose correctMkdir C:\Users\BrunoBarbosa\AppData\Roaming\npm-cache correctMkdir not in flight; initializing
41 silly cache afterAdd sleep@3.0.0
42 verbose afterAdd C:\Users\BrunoBarbosa\AppData\Roaming\npm-cache\sleep\3.0.0\package\package.json not in flight; writing
43 verbose correctMkdir C:\Users\BrunoBarbosa\AppData\Roaming\npm-cache correctMkdir not in flight; initializing
44 verbose afterAdd C:\Users\BrunoBarbosa\AppData\Roaming\npm-cache\sleep\3.0.0\package\package.json written
45 silly install resolved [ { name: 'sleep',
45 silly install resolved     version: '3.0.0',
45 silly install resolved     main: 'index.js',
45 silly install resolved     description: 'Add sleep() and usleep() to nodejs',
45 silly install resolved     homepage: 'http://github.com/ErikDubbelboer/node-sleep',
45 silly install resolved     author: { name: 'Erik Dubbelboer', email: 'erik@dubbelboer.com' },
45 silly install resolved     engines: { node: '>=0.4.0' },
45 silly install resolved     keywords: [ 'sleep', 'usleep' ],
45 silly install resolved     repository:
45 silly install resolved      { type: 'git',
45 silly install resolved        url: 'git+https://github.com/ErikDubbelboer/node-sleep.git' },
45 silly install resolved     dependencies: { nan: '>=2.0.0' },
45 silly install resolved     gypfile: true,
45 silly install resolved     scripts: { install: 'node-gyp rebuild' },
45 silly install resolved     gitHead: 'bebfd6c19cb8c7055d29682446df99088c54bc06',
45 silly install resolved     bugs: { url: 'https://github.com/ErikDubbelboer/node-sleep/issues' },
45 silly install resolved     _id: 'sleep@3.0.0',
45 silly install resolved     _shasum: '6b374727ee43823686db192f34c1fcb5387013ef',
45 silly install resolved     _from: 'sleep@3.0.0',
45 silly install resolved     _npmVersion: '1.4.28',
45 silly install resolved     _npmUser: { name: 'erikdubbelboer', email: 'erik@dubbelboer.com' },
45 silly install resolved     maintainers: [ [Object] ],
45 silly install resolved     dist:
45 silly install resolved      { shasum: '6b374727ee43823686db192f34c1fcb5387013ef',
45 silly install resolved        tarball: 'https://registry.npmjs.org/sleep/-/sleep-3.0.0.tgz' },
45 silly install resolved     directories: {},
45 silly install resolved     _resolved: 'https://registry.npmjs.org/sleep/-/sleep-3.0.0.tgz',
45 silly install resolved     readme: 'ERROR: No README data found!' } ]
46 info install sleep@3.0.0 into D:\OneDrive\jobs\node-default
47 info installOne sleep@3.0.0
48 verbose installOne of sleep to D:\OneDrive\jobs\node-default not in flight; installing
49 verbose correctMkdir C:\Users\BrunoBarbosa\AppData\Roaming\npm-cache\_locks correctMkdir not in flight; initializing
50 verbose lock using C:\Users\BrunoBarbosa\AppData\Roaming\npm-cache\_locks\sleep-5e3133eff0d6411f.lock for D:\OneDrive\jobs\node-default\node_modules\sleep
51 silly install write writing sleep 3.0.0 to D:\OneDrive\jobs\node-default\node_modules\sleep
52 verbose unbuild node_modules\sleep
53 silly gentlyRm D:\OneDrive\jobs\node-default\node_modules\sleep is being purged from base D:\OneDrive\jobs\node-default
54 verbose gentlyRm don't care about contents; nuking D:\OneDrive\jobs\node-default\node_modules\sleep
55 verbose tar unpack C:\Users\BrunoBarbosa\AppData\Roaming\npm-cache\sleep\3.0.0\package.tgz
56 verbose tar unpacking to D:\OneDrive\jobs\node-default\node_modules\sleep
57 silly gentlyRm D:\OneDrive\jobs\node-default\node_modules\sleep is being purged
58 verbose gentlyRm don't care about contents; nuking D:\OneDrive\jobs\node-default\node_modules\sleep
59 silly gunzTarPerm modes [ '777', '666' ]
60 silly gunzTarPerm extractEntry package.json
61 silly gunzTarPerm modified mode [ 'package.json', 436, 438 ]
62 silly gunzTarPerm extractEntry .npmignore
63 silly gunzTarPerm modified mode [ '.npmignore', 436, 438 ]
64 silly gunzTarPerm extractEntry README.md
65 silly gunzTarPerm modified mode [ 'README.md', 436, 438 ]
66 silly gunzTarPerm extractEntry index.js
67 silly gunzTarPerm modified mode [ 'index.js', 436, 438 ]
68 silly gunzTarPerm extractEntry test.js
69 silly gunzTarPerm modified mode [ 'test.js', 436, 438 ]
70 silly gunzTarPerm extractEntry LICENSE.txt
71 silly gunzTarPerm modified mode [ 'LICENSE.txt', 436, 438 ]
72 silly gunzTarPerm extractEntry binding.gyp
73 silly gunzTarPerm modified mode [ 'binding.gyp', 436, 438 ]
74 silly gunzTarPerm extractEntry sleep.cc
75 silly gunzTarPerm modified mode [ 'sleep.cc', 436, 438 ]
76 verbose write writing to D:\OneDrive\jobs\node-default\node_modules\sleep\package.json
77 info preinstall sleep@3.0.0
78 verbose readDependencies loading dependencies from D:\OneDrive\jobs\node-default\node_modules\sleep\package.json
79 silly prepareForInstallMany adding nan@>=2.0.0 from sleep dependencies
80 verbose readDependencies loading dependencies from D:\OneDrive\jobs\node-default\node_modules\sleep\package.json
81 silly cache add args [ 'nan@>=2.0.0', null ]
82 verbose cache add spec nan@>=2.0.0
83 silly cache add parsed spec Result {
83 silly cache add   raw: 'nan@>=2.0.0',
83 silly cache add   scope: null,
83 silly cache add   name: 'nan',
83 silly cache add   rawSpec: '>=2.0.0',
83 silly cache add   spec: '>=2.0.0',
83 silly cache add   type: 'range' }
84 silly addNamed nan@>=2.0.0
85 verbose addNamed ">=2.0.0" is a valid semver range for nan
86 silly addNameRange { name: 'nan', range: '>=2.0.0', hasData: false }
87 silly mapToRegistry name nan
88 silly mapToRegistry using default registry
89 silly mapToRegistry registry https://registry.npmjs.org/
90 silly mapToRegistry data Result {
90 silly mapToRegistry   raw: 'nan',
90 silly mapToRegistry   scope: null,
90 silly mapToRegistry   name: 'nan',
90 silly mapToRegistry   rawSpec: '',
90 silly mapToRegistry   spec: 'latest',
90 silly mapToRegistry   type: 'tag' }
91 silly mapToRegistry uri https://registry.npmjs.org/nan
92 verbose addNameRange registry:https://registry.npmjs.org/nan not in flight; fetching
93 verbose request uri https://registry.npmjs.org/nan
94 verbose request no auth needed
95 info attempt registry request try #1 at 11:35:28
96 verbose etag "12RFHNMU7CS3WJ1892HQLM0NB"
97 http request GET https://registry.npmjs.org/nan
98 http 304 https://registry.npmjs.org/nan
99 verbose headers { date: 'Tue, 28 Jun 2016 14:35:22 GMT',
99 verbose headers   via: '1.1 varnish',
99 verbose headers   'cache-control': 'max-age=300',
99 verbose headers   etag: '"12RFHNMU7CS3WJ1892HQLM0NB"',
99 verbose headers   age: '183',
99 verbose headers   connection: 'keep-alive',
99 verbose headers   'x-served-by': 'cache-atl6240-ATL',
99 verbose headers   'x-cache': 'HIT',
99 verbose headers   'x-cache-hits': '7',
99 verbose headers   'x-timer': 'S1467124522.513109,VS0,VE0',
99 verbose headers   vary: 'Accept-Encoding' }
100 silly get cb [ 304,
100 silly get   { date: 'Tue, 28 Jun 2016 14:35:22 GMT',
100 silly get     via: '1.1 varnish',
100 silly get     'cache-control': 'max-age=300',
100 silly get     etag: '"12RFHNMU7CS3WJ1892HQLM0NB"',
100 silly get     age: '183',
100 silly get     connection: 'keep-alive',
100 silly get     'x-served-by': 'cache-atl6240-ATL',
100 silly get     'x-cache': 'HIT',
100 silly get     'x-cache-hits': '7',
100 silly get     'x-timer': 'S1467124522.513109,VS0,VE0',
100 silly get     vary: 'Accept-Encoding' } ]
101 verbose etag https://registry.npmjs.org/nan from cache
102 verbose get saving nan to C:\Users\BrunoBarbosa\AppData\Roaming\npm-cache\registry.npmjs.org\nan\.cache.json
103 verbose correctMkdir C:\Users\BrunoBarbosa\AppData\Roaming\npm-cache correctMkdir not in flight; initializing
104 silly addNameRange number 2 { name: 'nan', range: '>=2.0.0', hasData: true }
105 silly addNameRange versions [ 'nan',
105 silly addNameRange   [ '0.3.0-wip',
105 silly addNameRange     '0.3.0-wip2',
105 silly addNameRange     '0.3.0',
105 silly addNameRange     '0.3.1',
105 silly addNameRange     '0.3.2',
105 silly addNameRange     '0.4.0',
105 silly addNameRange     '0.4.1',
105 silly addNameRange     '0.4.2',
105 silly addNameRange     '0.4.3',
105 silly addNameRange     '0.4.4',
105 silly addNameRange     '0.5.0',
105 silly addNameRange     '0.5.1',
105 silly addNameRange     '0.5.2',
105 silly addNameRange     '0.6.0',
105 silly addNameRange     '0.7.0',
105 silly addNameRange     '0.7.1',
105 silly addNameRange     '0.8.0',
105 silly addNameRange     '1.0.0',
105 silly addNameRange     '1.1.0',
105 silly addNameRange     '1.1.1',
105 silly addNameRange     '1.1.2',
105 silly addNameRange     '1.2.0',
105 silly addNameRange     '1.3.0',
105 silly addNameRange     '1.4.0',
105 silly addNameRange     '1.4.1',
105 silly addNameRange     '1.5.0',
105 silly addNameRange     '1.4.2',
105 silly addNameRange     '1.4.3',
105 silly addNameRange     '1.5.1',
105 silly addNameRange     '1.5.2',
105 silly addNameRange     '1.6.0',
105 silly addNameRange     '1.5.3',
105 silly addNameRange     '1.6.1',
105 silly addNameRange     '1.6.2',
105 silly addNameRange     '1.7.0',
105 silly addNameRange     '1.8.0',
105 silly addNameRange     '1.8.1',
105 silly addNameRange     '1.8.2',
105 silly addNameRange     '1.8.3',
105 silly addNameRange     '1.8.4',
105 silly addNameRange     '1.9.0',
105 silly addNameRange     '2.0.0',
105 silly addNameRange     '2.0.1',
105 silly addNameRange     '2.0.2',
105 silly addNameRange     '2.0.3',
105 silly addNameRange     '2.0.4',
105 silly addNameRange     '2.0.5',
105 silly addNameRange     '2.0.6',
105 silly addNameRange     '2.0.7',
105 silly addNameRange     '2.0.8',
105 silly addNameRange     '2.0.9',
105 silly addNameRange     '2.1.0',
105 silly addNameRange     '2.2.0',
105 silly addNameRange     '2.2.1',
105 silly addNameRange     '2.3.0',
105 silly addNameRange     '2.3.1',
105 silly addNameRange     '2.3.2',
105 silly addNameRange     '2.3.3',
105 silly addNameRange     '2.3.4',
105 silly addNameRange     '2.3.5' ] ]
106 silly addNamed nan@2.3.5
107 verbose addNamed "2.3.5" is a plain semver version for nan
108 silly cache afterAdd nan@2.3.5
109 verbose afterAdd C:\Users\BrunoBarbosa\AppData\Roaming\npm-cache\nan\2.3.5\package\package.json not in flight; writing
110 verbose correctMkdir C:\Users\BrunoBarbosa\AppData\Roaming\npm-cache correctMkdir not in flight; initializing
111 verbose afterAdd C:\Users\BrunoBarbosa\AppData\Roaming\npm-cache\nan\2.3.5\package\package.json written
112 silly install resolved [ { name: 'nan',
112 silly install resolved     version: '2.3.5',
112 silly install resolved     description: 'Native Abstractions for Node.js: C++ header for Node 0.8 -> 6 compatibility',
112 silly install resolved     main: 'include_dirs.js',
112 silly install resolved     repository: { type: 'git', url: 'git://github.com/nodejs/nan.git' },
112 silly install resolved     scripts:
112 silly install resolved      { test: 'tap --gc --stderr test/js/*-test.js',
112 silly install resolved        'rebuild-tests': 'node-gyp rebuild --msvs_version=2013 --directory test',
112 silly install resolved        docs: 'doc/.build.sh' },
112 silly install resolved     contributors:
112 silly install resolved      [ [Object],
112 silly install resolved        [Object],
112 silly install resolved        [Object],
112 silly install resolved        [Object],
112 silly install resolved        [Object],
112 silly install resolved        [Object],
112 silly install resolved        [Object] ],
112 silly install resolved     devDependencies:
112 silly install resolved      { bindings: '~1.2.1',
112 silly install resolved        commander: '^2.8.1',
112 silly install resolved        glob: '^5.0.14',
112 silly install resolved        'node-gyp': '~3.0.1',
112 silly install resolved        tap: '~0.7.1',
112 silly install resolved        xtend: '~4.0.0' },
112 silly install resolved     license: 'MIT',
112 silly install resolved     bugs: { url: 'https://github.com/nodejs/nan/issues' },
112 silly install resolved     homepage: 'https://github.com/nodejs/nan#readme',
112 silly install resolved     _id: 'nan@2.3.5',
112 silly install resolved     _shasum: '822a0dc266290ce4cd3a12282ca3e7e364668a08',
112 silly install resolved     _resolved: 'https://registry.npmjs.org/nan/-/nan-2.3.5.tgz',
112 silly install resolved     _from: 'nan@>=2.0.0',
112 silly install resolved     _npmVersion: '3.3.6',
112 silly install resolved     _nodeVersion: '5.0.0',
112 silly install resolved     _npmUser: { name: 'kkoopa', email: 'bbyholm@abo.fi' },
112 silly install resolved     dist:
112 silly install resolved      { shasum: '822a0dc266290ce4cd3a12282ca3e7e364668a08',
112 silly install resolved        tarball: 'https://registry.npmjs.org/nan/-/nan-2.3.5.tgz' },
112 silly install resolved     maintainers: [ [Object], [Object] ],
112 silly install resolved     _npmOperationalInternal:
112 silly install resolved      { host: 'packages-12-west.internal.npmjs.com',
112 silly install resolved        tmp: 'tmp/nan-2.3.5.tgz_1464707164994_0.4295874561648816' },
112 silly install resolved     directories: {},
112 silly install resolved     readme: 'ERROR: No README data found!' } ]
113 info install nan@2.3.5 into D:\OneDrive\jobs\node-default\node_modules\sleep
114 info installOne nan@2.3.5
115 verbose installOne of nan to D:\OneDrive\jobs\node-default\node_modules\sleep not in flight; installing
116 verbose correctMkdir C:\Users\BrunoBarbosa\AppData\Roaming\npm-cache\_locks correctMkdir not in flight; initializing
117 verbose lock using C:\Users\BrunoBarbosa\AppData\Roaming\npm-cache\_locks\nan-0f0e0a6d9a34024f.lock for D:\OneDrive\jobs\node-default\node_modules\sleep\node_modules\nan
118 silly install write writing nan 2.3.5 to D:\OneDrive\jobs\node-default\node_modules\sleep\node_modules\nan
119 verbose unbuild node_modules\sleep\node_modules\nan
120 silly gentlyRm D:\OneDrive\jobs\node-default\node_modules\sleep\node_modules\nan is being purged from base D:\OneDrive\jobs\node-default
121 verbose gentlyRm don't care about contents; nuking D:\OneDrive\jobs\node-default\node_modules\sleep\node_modules\nan
122 verbose tar unpack C:\Users\BrunoBarbosa\AppData\Roaming\npm-cache\nan\2.3.5\package.tgz
123 verbose tar unpacking to D:\OneDrive\jobs\node-default\node_modules\sleep\node_modules\nan
124 silly gentlyRm D:\OneDrive\jobs\node-default\node_modules\sleep\node_modules\nan is being purged
125 verbose gentlyRm don't care about contents; nuking D:\OneDrive\jobs\node-default\node_modules\sleep\node_modules\nan
126 silly gunzTarPerm modes [ '777', '666' ]
127 silly gunzTarPerm extractEntry package.json
128 silly gunzTarPerm modified mode [ 'package.json', 436, 438 ]
129 silly gunzTarPerm extractEntry README.md
130 silly gunzTarPerm modified mode [ 'README.md', 436, 438 ]
131 silly gunzTarPerm extractEntry include_dirs.js
132 silly gunzTarPerm modified mode [ 'include_dirs.js', 436, 438 ]
133 silly gunzTarPerm extractEntry nan_converters.h
134 silly gunzTarPerm modified mode [ 'nan_converters.h', 436, 438 ]
135 silly gunzTarPerm extractEntry LICENSE.md
136 silly gunzTarPerm modified mode [ 'LICENSE.md', 436, 438 ]
137 silly gunzTarPerm extractEntry doc/node_misc.md
138 silly gunzTarPerm modified mode [ 'doc/node_misc.md', 436, 438 ]
139 silly gunzTarPerm extractEntry doc/asyncworker.md
140 silly gunzTarPerm modified mode [ 'doc/asyncworker.md', 436, 438 ]
141 silly gunzTarPerm extractEntry doc/callback.md
142 silly gunzTarPerm modified mode [ 'doc/callback.md', 436, 438 ]
143 silly gunzTarPerm extractEntry doc/converters.md
144 silly gunzTarPerm modified mode [ 'doc/converters.md', 436, 438 ]
145 silly gunzTarPerm extractEntry doc/errors.md
146 silly gunzTarPerm modified mode [ 'doc/errors.md', 436, 438 ]
147 silly gunzTarPerm extractEntry doc/maybe_types.md
148 silly gunzTarPerm modified mode [ 'doc/maybe_types.md', 436, 438 ]
149 silly gunzTarPerm extractEntry doc/methods.md
150 silly gunzTarPerm modified mode [ 'doc/methods.md', 436, 438 ]
151 silly gunzTarPerm extractEntry doc/new.md
152 silly gunzTarPerm modified mode [ 'doc/new.md', 436, 438 ]
153 silly gunzTarPerm extractEntry doc/buffers.md
154 silly gunzTarPerm modified mode [ 'doc/buffers.md', 436, 438 ]
155 silly gunzTarPerm extractEntry doc/object_wrappers.md
156 silly gunzTarPerm modified mode [ 'doc/object_wrappers.md', 436, 438 ]
157 silly gunzTarPerm extractEntry doc/persistent.md
158 silly gunzTarPerm modified mode [ 'doc/persistent.md', 436, 438 ]
159 silly gunzTarPerm extractEntry doc/scopes.md
160 silly gunzTarPerm modified mode [ 'doc/scopes.md', 436, 438 ]
161 silly gunzTarPerm extractEntry doc/script.md
162 silly gunzTarPerm modified mode [ 'doc/script.md', 436, 438 ]
163 silly gunzTarPerm extractEntry doc/string_bytes.md
164 silly gunzTarPerm modified mode [ 'doc/string_bytes.md', 436, 438 ]
165 silly gunzTarPerm extractEntry doc/v8_internals.md
166 silly gunzTarPerm modified mode [ 'doc/v8_internals.md', 436, 438 ]
167 silly gunzTarPerm extractEntry doc/v8_misc.md
168 silly gunzTarPerm modified mode [ 'doc/v8_misc.md', 436, 438 ]
169 silly gunzTarPerm extractEntry nan.h
170 silly gunzTarPerm modified mode [ 'nan.h', 436, 438 ]
171 silly gunzTarPerm extractEntry nan_callbacks.h
172 silly gunzTarPerm modified mode [ 'nan_callbacks.h', 436, 438 ]
173 silly gunzTarPerm extractEntry nan_callbacks_12_inl.h
174 silly gunzTarPerm modified mode [ 'nan_callbacks_12_inl.h', 436, 438 ]
175 silly gunzTarPerm extractEntry nan_callbacks_pre_12_inl.h
176 silly gunzTarPerm modified mode [ 'nan_callbacks_pre_12_inl.h', 436, 438 ]
177 silly gunzTarPerm extractEntry nan_converters_43_inl.h
178 silly gunzTarPerm modified mode [ 'nan_converters_43_inl.h', 436, 438 ]
179 silly gunzTarPerm extractEntry nan_converters_pre_43_inl.h
180 silly gunzTarPerm modified mode [ 'nan_converters_pre_43_inl.h', 436, 438 ]
181 silly gunzTarPerm extractEntry nan_implementation_12_inl.h
182 silly gunzTarPerm modified mode [ 'nan_implementation_12_inl.h', 436, 438 ]
183 silly gunzTarPerm extractEntry nan_implementation_pre_12_inl.h
184 silly gunzTarPerm modified mode [ 'nan_implementation_pre_12_inl.h', 436, 438 ]
185 silly gunzTarPerm extractEntry nan_maybe_43_inl.h
186 silly gunzTarPerm modified mode [ 'nan_maybe_43_inl.h', 436, 438 ]
187 silly gunzTarPerm extractEntry nan_maybe_pre_43_inl.h
188 silly gunzTarPerm modified mode [ 'nan_maybe_pre_43_inl.h', 436, 438 ]
189 silly gunzTarPerm extractEntry nan_new.h
190 silly gunzTarPerm modified mode [ 'nan_new.h', 436, 438 ]
191 silly gunzTarPerm extractEntry nan_object_wrap.h
192 silly gunzTarPerm modified mode [ 'nan_object_wrap.h', 436, 438 ]
193 silly gunzTarPerm extractEntry nan_persistent_12_inl.h
194 silly gunzTarPerm modified mode [ 'nan_persistent_12_inl.h', 436, 438 ]
195 silly gunzTarPerm extractEntry nan_persistent_pre_12_inl.h
196 silly gunzTarPerm modified mode [ 'nan_persistent_pre_12_inl.h', 436, 438 ]
197 silly gunzTarPerm extractEntry nan_string_bytes.h
198 silly gunzTarPerm modified mode [ 'nan_string_bytes.h', 436, 438 ]
199 silly gunzTarPerm extractEntry nan_typedarray_contents.h
200 silly gunzTarPerm modified mode [ 'nan_typedarray_contents.h', 436, 438 ]
201 silly gunzTarPerm extractEntry nan_weak.h
202 silly gunzTarPerm modified mode [ 'nan_weak.h', 436, 438 ]
203 silly gunzTarPerm extractEntry CHANGELOG.md
204 silly gunzTarPerm modified mode [ 'CHANGELOG.md', 436, 438 ]
205 silly gunzTarPerm extractEntry tools/package.json
206 silly gunzTarPerm modified mode [ 'tools/package.json', 436, 438 ]
207 silly gunzTarPerm extractEntry tools/README.md
208 silly gunzTarPerm modified mode [ 'tools/README.md', 436, 438 ]
209 silly gunzTarPerm extractEntry tools/1to2.js
210 silly gunzTarPerm modified mode [ 'tools/1to2.js', 509, 511 ]
211 verbose write writing to D:\OneDrive\jobs\node-default\node_modules\sleep\node_modules\nan\package.json
212 info preinstall nan@2.3.5
213 verbose readDependencies loading dependencies from D:\OneDrive\jobs\node-default\node_modules\sleep\node_modules\nan\package.json
214 verbose readDependencies loading dependencies from D:\OneDrive\jobs\node-default\node_modules\sleep\node_modules\nan\package.json
215 silly install resolved []
216 verbose about to build D:\OneDrive\jobs\node-default\node_modules\sleep\node_modules\nan
217 info build D:\OneDrive\jobs\node-default\node_modules\sleep\node_modules\nan
218 info linkStuff nan@2.3.5
219 silly linkStuff nan@2.3.5 has D:\OneDrive\jobs\node-default\node_modules\sleep\node_modules as its parent node_modules
220 verbose linkBins nan@2.3.5
221 verbose linkMans nan@2.3.5
222 verbose rebuildBundles nan@2.3.5
223 info install nan@2.3.5
224 info postinstall nan@2.3.5
225 verbose unlock done using C:\Users\BrunoBarbosa\AppData\Roaming\npm-cache\_locks\nan-0f0e0a6d9a34024f.lock for D:\OneDrive\jobs\node-default\node_modules\sleep\node_modules\nan
226 verbose about to build D:\OneDrive\jobs\node-default\node_modules\sleep
227 info build D:\OneDrive\jobs\node-default\node_modules\sleep
228 info linkStuff sleep@3.0.0
229 silly linkStuff sleep@3.0.0 has D:\OneDrive\jobs\node-default\node_modules as its parent node_modules
230 verbose linkBins sleep@3.0.0
231 verbose linkMans sleep@3.0.0
232 verbose rebuildBundles sleep@3.0.0
233 verbose rebuildBundles [ 'nan' ]
234 info install sleep@3.0.0
235 verbose unsafe-perm in lifecycle true
236 info sleep@3.0.0 Failed to exec install script
237 verbose unlock done using C:\Users\BrunoBarbosa\AppData\Roaming\npm-cache\_locks\sleep-5e3133eff0d6411f.lock for D:\OneDrive\jobs\node-default\node_modules\sleep
238 verbose stack Error: sleep@3.0.0 install: `node-gyp rebuild`
238 verbose stack Exit status 1
238 verbose stack     at EventEmitter.<anonymous> (C:\node\node_modules\npm\lib\utils\lifecycle.js:217:16)
238 verbose stack     at emitTwo (events.js:87:13)
238 verbose stack     at EventEmitter.emit (events.js:172:7)
238 verbose stack     at ChildProcess.<anonymous> (C:\node\node_modules\npm\lib\utils\spawn.js:24:14)
238 verbose stack     at emitTwo (events.js:87:13)
238 verbose stack     at ChildProcess.emit (events.js:172:7)
238 verbose stack     at maybeClose (internal/child_process.js:827:16)
238 verbose stack     at Process.ChildProcess._handle.onexit (internal/child_process.js:211:5)
239 verbose pkgid sleep@3.0.0
240 verbose cwd D:\OneDrive\jobs\node-default
241 error Windows_NT 10.0.10586
242 error argv "C:\\node\\node.exe" "C:\\node\\node_modules\\npm\\bin\\npm-cli.js" "install" "--save" "sleep"
243 error node v4.4.5
244 error npm  v2.15.5
245 error code ELIFECYCLE
246 error sleep@3.0.0 install: `node-gyp rebuild`
246 error Exit status 1
247 error Failed at the sleep@3.0.0 install script 'node-gyp rebuild'.
247 error This is most likely a problem with the sleep package,
247 error not with npm itself.
247 error Tell the author that this fails on your system:
247 error     node-gyp rebuild
247 error You can get information on how to open an issue for this project with:
247 error     npm bugs sleep
247 error Or if that isn't available, you can get their info via:
247 error
247 error     npm owner ls sleep
247 error There is likely additional logging output above.
248 verbose exit [ 1, true ]
249 verbose unbuild node_modules\sleep
250 info preuninstall sleep@3.0.0
251 info uninstall sleep@3.0.0
252 verbose unbuild rmStuff sleep@3.0.0 from D:\OneDrive\jobs\node-default\node_modules
253 info postuninstall sleep@3.0.0
254 silly gentlyRm D:\OneDrive\jobs\node-default\node_modules\sleep is being purged from base D:\OneDrive\jobs\node-default
255 verbose gentlyRm don't care about contents; nuking D:\OneDrive\jobs\node-default\node_modules\sleep
256 silly vacuum-fs purging D:\OneDrive\jobs\node-default\node_modules\sleep
257 silly vacuum-fs quitting because other entries in D:\OneDrive\jobs\node-default\node_modules
